[0.016s] Invoking command in '/home/yangcb/Desktop/ROS2_Sample/sample3/build/sample3': CMAKE_PREFIX_PATH=${CMAKE_PREFIX_PATH}:/opt/ros/foxy /usr/bin/cmake --build /home/yangcb/Desktop/ROS2_Sample/sample3/build/sample3 -- -j2 -l2
[0.056s] -- Found ament_cmake: 0.9.11 (/opt/ros/foxy/share/ament_cmake/cmake)
[0.077s] -- Using PYTHON_EXECUTABLE: /usr/bin/python3
[0.233s] -- Found rclcpp: 2.4.2 (/opt/ros/foxy/share/rclcpp/cmake)
[0.274s] -- Using all available rosidl_typesupport_c: rosidl_typesupport_fastrtps_c;rosidl_typesupport_introspection_c
[0.278s] -- Found rosidl_adapter: 1.3.0 (/opt/ros/foxy/share/rosidl_adapter/cmake)
[0.388s] -- Using all available rosidl_typesupport_cpp: rosidl_typesupport_fastrtps_cpp;rosidl_typesupport_introspection_cpp
[0.430s] -- Found rmw_implementation_cmake: 1.0.4 (/opt/ros/foxy/share/rmw_implementation_cmake/cmake)
[0.431s] -- Using RMW implementation 'rmw_fastrtps_cpp' as default
[0.553s] -- Found ament_lint_auto: 0.9.8 (/opt/ros/foxy/share/ament_lint_auto/cmake)
[0.616s] -- Added test 'copyright' to check source files copyright and LICENSE
[0.617s] -- Added test 'cppcheck' to perform static code analysis on C / C++ code
[0.618s] -- Configured cppcheck include dirs: $<BUILD_INTERFACE:/home/yangcb/Desktop/ROS2_Sample/sample3/src/sample3/include>
[0.618s] -- Configured cppcheck exclude dirs and/or files: 
[0.618s] -- Added test 'cpplint' to check C / C++ code against the Google style
[0.618s] -- Configured cpplint exclude dirs and/or files: 
[0.619s] -- Added test 'lint_cmake' to check CMake code style
[0.620s] -- Added test 'uncrustify' to check C / C++ code style
[0.620s] -- Configured uncrustify additional arguments: 
[0.620s] -- Added test 'xmllint' to check XML markup files
[0.623s] -- Configuring done
[0.624s] CMake Error at CMakeLists.txt:22 (add_executable):
[0.624s]   Cannot find source file:
[0.624s] 
[0.624s]     src/*.cpp
[0.625s] 
[0.625s]   Tried extensions .c .C .c++ .cc .cpp .cxx .cu .m .M .mm .h .hh .h++ .hm
[0.625s]   .hpp .hxx .in .txx
[0.625s] 
[0.625s] 
[0.627s] CMake Error at CMakeLists.txt:22 (add_executable):
[0.627s]   No SOURCES given to target: sample3
[0.628s] 
[0.628s] 
[0.628s] CMake Generate step failed.  Build files cannot be regenerated correctly.
[0.634s] make: *** [Makefile:266: cmake_check_build_system] Error 1
[0.634s] Invoked command in '/home/yangcb/Desktop/ROS2_Sample/sample3/build/sample3' returned '2': CMAKE_PREFIX_PATH=${CMAKE_PREFIX_PATH}:/opt/ros/foxy /usr/bin/cmake --build /home/yangcb/Desktop/ROS2_Sample/sample3/build/sample3 -- -j2 -l2
