[0.260s] DEBUG:colcon:Command line arguments: ['/usr/bin/colcon', 'build']
[0.260s] DEBUG:colcon:Parsed command line arguments: Namespace(allow_overriding=[], ament_cmake_args=None, base_paths=['.'], build_base='build', catkin_cmake_args=None, catkin_skip_building_tests=False, cmake_args=None, cmake_clean_cache=False, cmake_clean_first=False, cmake_force_configure=False, cmake_target=None, cmake_target_skip_unavailable=False, continue_on_error=False, event_handlers=None, executor='parallel', ignore_user_meta=False, install_base='install', log_base=None, log_level=None, main=<bound method BuildVerb.main of <colcon_core.verb.build.BuildVerb object at 0x7f1f3f9bfdc0>>, merge_install=False, metas=['./colcon.meta'], packages_above=None, packages_above_and_dependencies=None, packages_above_depth=None, packages_end=None, packages_ignore=None, packages_ignore_regex=None, packages_select=None, packages_select_build_failed=False, packages_select_by_dep=None, packages_select_regex=None, packages_select_test_failures=False, packages_skip=None, packages_skip_build_finished=False, packages_skip_by_dep=None, packages_skip_regex=None, packages_skip_test_passed=False, packages_skip_up_to=None, packages_start=None, packages_up_to=None, packages_up_to_regex=None, parallel_workers=2, paths=None, symlink_install=False, test_result_base=None, verb_extension=<colcon_core.verb.build.BuildVerb object at 0x7f1f3f9bfdc0>, verb_name='build', verb_parser=<colcon_defaults.argument_parser.defaults.DefaultArgumentsDecorator object at 0x7f1f3f9cb370>)
[0.282s] Level 1:colcon.colcon_core.package_discovery:discover_packages(colcon_meta) check parameters
[0.282s] Level 1:colcon.colcon_core.package_discovery:discover_packages(recursive) check parameters
[0.282s] Level 1:colcon.colcon_core.package_discovery:discover_packages(ignore) check parameters
[0.282s] Level 1:colcon.colcon_core.package_discovery:discover_packages(path) check parameters
[0.282s] Level 1:colcon.colcon_core.package_discovery:discover_packages(colcon_meta) discover
[0.282s] Level 1:colcon.colcon_core.package_discovery:discover_packages(recursive) discover
[0.282s] INFO:colcon.colcon_core.package_discovery:Crawling recursively for packages in '/home/yangcb/Desktop/ROS2_Sample/sample3'
[0.282s] Level 1:colcon.colcon_core.package_identification:_identify(.) by extensions ['ignore', 'ignore_ament_install']
[0.282s] Level 1:colcon.colcon_core.package_identification:_identify(.) by extension 'ignore'
[0.282s] Level 1:colcon.colcon_core.package_identification:_identify(.) by extension 'ignore_ament_install'
[0.283s] Level 1:colcon.colcon_core.package_identification:_identify(.) by extensions ['colcon_pkg']
[0.283s] Level 1:colcon.colcon_core.package_identification:_identify(.) by extension 'colcon_pkg'
[0.283s] Level 1:colcon.colcon_core.package_identification:_identify(.) by extensions ['colcon_meta']
[0.283s] Level 1:colcon.colcon_core.package_identification:_identify(.) by extension 'colcon_meta'
[0.283s] Level 1:colcon.colcon_core.package_identification:_identify(.) by extensions ['ros']
[0.283s] Level 1:colcon.colcon_core.package_identification:_identify(.) by extension 'ros'
[0.302s] Level 1:colcon.colcon_core.package_identification:_identify(.) by extensions ['cmake', 'python']
[0.302s] Level 1:colcon.colcon_core.package_identification:_identify(.) by extension 'cmake'
[0.302s] Level 1:colcon.colcon_core.package_identification:_identify(.) by extension 'python'
[0.302s] Level 1:colcon.colcon_core.package_identification:_identify(.) by extensions ['python_setup_py']
[0.302s] Level 1:colcon.colcon_core.package_identification:_identify(.) by extension 'python_setup_py'
[0.302s] Level 1:colcon.colcon_core.package_identification:_identify(build) by extensions ['ignore', 'ignore_ament_install']
[0.302s] Level 1:colcon.colcon_core.package_identification:_identify(build) by extension 'ignore'
[0.302s] Level 1:colcon.colcon_core.package_identification:_identify(build) ignored
[0.302s] Level 1:colcon.colcon_core.package_identification:_identify(install) by extensions ['ignore', 'ignore_ament_install']
[0.302s] Level 1:colcon.colcon_core.package_identification:_identify(install) by extension 'ignore'
[0.302s] Level 1:colcon.colcon_core.package_identification:_identify(install) ignored
[0.302s] Level 1:colcon.colcon_core.package_identification:_identify(log) by extensions ['ignore', 'ignore_ament_install']
[0.303s] Level 1:colcon.colcon_core.package_identification:_identify(log) by extension 'ignore'
[0.303s] Level 1:colcon.colcon_core.package_identification:_identify(log) ignored
[0.303s] Level 1:colcon.colcon_core.package_identification:_identify(src) by extensions ['ignore', 'ignore_ament_install']
[0.303s] Level 1:colcon.colcon_core.package_identification:_identify(src) by extension 'ignore'
[0.303s] Level 1:colcon.colcon_core.package_identification:_identify(src) by extension 'ignore_ament_install'
[0.303s] Level 1:colcon.colcon_core.package_identification:_identify(src) by extensions ['colcon_pkg']
[0.303s] Level 1:colcon.colcon_core.package_identification:_identify(src) by extension 'colcon_pkg'
[0.303s] Level 1:colcon.colcon_core.package_identification:_identify(src) by extensions ['colcon_meta']
[0.303s] Level 1:colcon.colcon_core.package_identification:_identify(src) by extension 'colcon_meta'
[0.303s] Level 1:colcon.colcon_core.package_identification:_identify(src) by extensions ['ros']
[0.303s] Level 1:colcon.colcon_core.package_identification:_identify(src) by extension 'ros'
[0.303s] Level 1:colcon.colcon_core.package_identification:_identify(src) by extensions ['cmake', 'python']
[0.303s] Level 1:colcon.colcon_core.package_identification:_identify(src) by extension 'cmake'
[0.303s] Level 1:colcon.colcon_core.package_identification:_identify(src) by extension 'python'
[0.303s] Level 1:colcon.colcon_core.package_identification:_identify(src) by extensions ['python_setup_py']
[0.303s] Level 1:colcon.colcon_core.package_identification:_identify(src) by extension 'python_setup_py'
[0.304s] Level 1:colcon.colcon_core.package_identification:_identify(src/sample3) by extensions ['ignore', 'ignore_ament_install']
[0.304s] Level 1:colcon.colcon_core.package_identification:_identify(src/sample3) by extension 'ignore'
[0.304s] Level 1:colcon.colcon_core.package_identification:_identify(src/sample3) by extension 'ignore_ament_install'
[0.304s] Level 1:colcon.colcon_core.package_identification:_identify(src/sample3) by extensions ['colcon_pkg']
[0.304s] Level 1:colcon.colcon_core.package_identification:_identify(src/sample3) by extension 'colcon_pkg'
[0.304s] Level 1:colcon.colcon_core.package_identification:_identify(src/sample3) by extensions ['colcon_meta']
[0.304s] Level 1:colcon.colcon_core.package_identification:_identify(src/sample3) by extension 'colcon_meta'
[0.304s] Level 1:colcon.colcon_core.package_identification:_identify(src/sample3) by extensions ['ros']
[0.304s] Level 1:colcon.colcon_core.package_identification:_identify(src/sample3) by extension 'ros'
[0.306s] DEBUG:colcon.colcon_core.package_identification:Package 'src/sample3' with type 'ros.ament_cmake' and name 'sample3'
[0.306s] Level 1:colcon.colcon_core.package_discovery:discover_packages(recursive) using defaults
[0.306s] Level 1:colcon.colcon_core.package_discovery:discover_packages(ignore) discover
[0.306s] Level 1:colcon.colcon_core.package_discovery:discover_packages(ignore) using defaults
[0.306s] Level 1:colcon.colcon_core.package_discovery:discover_packages(path) discover
[0.306s] Level 1:colcon.colcon_core.package_discovery:discover_packages(path) using defaults
[0.322s] Level 1:colcon.colcon_core.package_discovery:discover_packages(prefix_path) check parameters
[0.322s] Level 1:colcon.colcon_core.package_discovery:discover_packages(prefix_path) discover
[0.325s] DEBUG:colcon.colcon_installed_package_information.package_discovery:Found 1 installed packages in /home/yangcb/Desktop/ROS2_Sample/sample3/install
[0.326s] DEBUG:colcon.colcon_installed_package_information.package_discovery:Found 263 installed packages in /opt/ros/foxy
[0.327s] Level 1:colcon.colcon_core.package_discovery:discover_packages(prefix_path) using defaults
[0.389s] Level 5:colcon.colcon_core.verb:set package 'sample3' build argument 'cmake_args' from command line to 'None'
[0.389s] Level 5:colcon.colcon_core.verb:set package 'sample3' build argument 'cmake_target' from command line to 'None'
[0.389s] Level 5:colcon.colcon_core.verb:set package 'sample3' build argument 'cmake_target_skip_unavailable' from command line to 'False'
[0.389s] Level 5:colcon.colcon_core.verb:set package 'sample3' build argument 'cmake_clean_cache' from command line to 'False'
[0.389s] Level 5:colcon.colcon_core.verb:set package 'sample3' build argument 'cmake_clean_first' from command line to 'False'
[0.389s] Level 5:colcon.colcon_core.verb:set package 'sample3' build argument 'cmake_force_configure' from command line to 'False'
[0.389s] Level 5:colcon.colcon_core.verb:set package 'sample3' build argument 'ament_cmake_args' from command line to 'None'
[0.389s] Level 5:colcon.colcon_core.verb:set package 'sample3' build argument 'catkin_cmake_args' from command line to 'None'
[0.389s] Level 5:colcon.colcon_core.verb:set package 'sample3' build argument 'catkin_skip_building_tests' from command line to 'False'
[0.389s] DEBUG:colcon.colcon_core.verb:Building package 'sample3' with the following arguments: {'ament_cmake_args': None, 'build_base': '/home/yangcb/Desktop/ROS2_Sample/sample3/build/sample3', 'catkin_cmake_args': None, 'catkin_skip_building_tests': False, 'cmake_args': None, 'cmake_clean_cache': False, 'cmake_clean_first': False, 'cmake_force_configure': False, 'cmake_target': None, 'cmake_target_skip_unavailable': False, 'install_base': '/home/yangcb/Desktop/ROS2_Sample/sample3/install/sample3', 'merge_install': False, 'path': '/home/yangcb/Desktop/ROS2_Sample/sample3/src/sample3', 'symlink_install': False, 'test_result_base': None}
[0.390s] INFO:colcon.colcon_core.executor:Executing jobs using 'parallel' executor
[0.393s] DEBUG:colcon.colcon_parallel_executor.executor.parallel:run_until_complete
[0.393s] INFO:colcon.colcon_ros.task.ament_cmake.build:Building ROS package in '/home/yangcb/Desktop/ROS2_Sample/sample3/src/sample3' with build type 'ament_cmake'
[0.393s] INFO:colcon.colcon_cmake.task.cmake.build:Building CMake package in '/home/yangcb/Desktop/ROS2_Sample/sample3/src/sample3'
[0.397s] INFO:colcon.colcon_core.plugin_system:Skipping extension 'colcon_core.shell.bat': Not used on non-Windows systems
[0.398s] INFO:colcon.colcon_core.shell:Skip shell extension 'powershell' for command environment: Not usable outside of PowerShell
[0.398s] DEBUG:colcon.colcon_core.shell:Skip shell extension 'dsv' for command environment
[0.411s] DEBUG:colcon.colcon_core.event_handler.log_command:Invoking command in '/home/yangcb/Desktop/ROS2_Sample/sample3/build/sample3': CMAKE_PREFIX_PATH=${CMAKE_PREFIX_PATH}:/opt/ros/foxy /usr/bin/cmake --build /home/yangcb/Desktop/ROS2_Sample/sample3/build/sample3 -- -j2 -l2
[2.104s] DEBUG:colcon.colcon_core.event_handler.log_command:Invoked command in '/home/yangcb/Desktop/ROS2_Sample/sample3/build/sample3' returned '0': CMAKE_PREFIX_PATH=${CMAKE_PREFIX_PATH}:/opt/ros/foxy /usr/bin/cmake --build /home/yangcb/Desktop/ROS2_Sample/sample3/build/sample3 -- -j2 -l2
[2.142s] DEBUG:colcon.colcon_core.event_handler.log_command:Invoking command in '/home/yangcb/Desktop/ROS2_Sample/sample3/build/sample3': CMAKE_PREFIX_PATH=${CMAKE_PREFIX_PATH}:/opt/ros/foxy /usr/bin/cmake --install /home/yangcb/Desktop/ROS2_Sample/sample3/build/sample3
[2.157s] Level 1:colcon.colcon_core.environment:create_environment_scripts_only(sample3)
[2.159s] DEBUG:colcon.colcon_core.event_handler.log_command:Invoked command in '/home/yangcb/Desktop/ROS2_Sample/sample3/build/sample3' returned '0': CMAKE_PREFIX_PATH=${CMAKE_PREFIX_PATH}:/opt/ros/foxy /usr/bin/cmake --install /home/yangcb/Desktop/ROS2_Sample/sample3/build/sample3
[2.163s] Level 1:colcon.colcon_core.environment:checking '/home/yangcb/Desktop/ROS2_Sample/sample3/install/sample3' for CMake module files
[2.163s] Level 1:colcon.colcon_core.environment:checking '/home/yangcb/Desktop/ROS2_Sample/sample3/install/sample3' for CMake config files
[2.164s] Level 1:colcon.colcon_core.shell:create_environment_hook('sample3', 'cmake_prefix_path')
[2.165s] INFO:colcon.colcon_core.shell:Creating environment hook '/home/yangcb/Desktop/ROS2_Sample/sample3/install/sample3/share/sample3/hook/cmake_prefix_path.ps1'
[2.165s] INFO:colcon.colcon_core.shell:Creating environment descriptor '/home/yangcb/Desktop/ROS2_Sample/sample3/install/sample3/share/sample3/hook/cmake_prefix_path.dsv'
[2.166s] INFO:colcon.colcon_core.shell:Creating environment hook '/home/yangcb/Desktop/ROS2_Sample/sample3/install/sample3/share/sample3/hook/cmake_prefix_path.sh'
[2.167s] Level 1:colcon.colcon_core.environment:checking '/home/yangcb/Desktop/ROS2_Sample/sample3/install/sample3/lib'
[2.167s] Level 1:colcon.colcon_core.environment:checking '/home/yangcb/Desktop/ROS2_Sample/sample3/install/sample3/bin'
[2.167s] Level 1:colcon.colcon_core.environment:checking '/home/yangcb/Desktop/ROS2_Sample/sample3/install/sample3/lib/pkgconfig/sample3.pc'
[2.167s] Level 1:colcon.colcon_core.environment:checking '/home/yangcb/Desktop/ROS2_Sample/sample3/install/sample3/lib/python3.8/site-packages'
[2.167s] Level 1:colcon.colcon_core.environment:checking '/home/yangcb/Desktop/ROS2_Sample/sample3/install/sample3/bin'
[2.168s] INFO:colcon.colcon_core.shell:Creating package script '/home/yangcb/Desktop/ROS2_Sample/sample3/install/sample3/share/sample3/package.ps1'
[2.169s] INFO:colcon.colcon_core.shell:Creating package descriptor '/home/yangcb/Desktop/ROS2_Sample/sample3/install/sample3/share/sample3/package.dsv'
[2.170s] INFO:colcon.colcon_core.shell:Creating package script '/home/yangcb/Desktop/ROS2_Sample/sample3/install/sample3/share/sample3/package.sh'
[2.170s] INFO:colcon.colcon_core.shell:Creating package script '/home/yangcb/Desktop/ROS2_Sample/sample3/install/sample3/share/sample3/package.bash'
[2.171s] INFO:colcon.colcon_core.shell:Creating package script '/home/yangcb/Desktop/ROS2_Sample/sample3/install/sample3/share/sample3/package.zsh'
[2.171s] Level 1:colcon.colcon_core.environment:create_file_with_runtime_dependencies(/home/yangcb/Desktop/ROS2_Sample/sample3/install/sample3/share/colcon-core/packages/sample3)
[2.209s] Level 1:colcon.colcon_core.environment:create_environment_scripts_only(sample3)
[2.211s] Level 1:colcon.colcon_core.environment:checking '/home/yangcb/Desktop/ROS2_Sample/sample3/install/sample3' for CMake module files
[2.211s] Level 1:colcon.colcon_core.environment:checking '/home/yangcb/Desktop/ROS2_Sample/sample3/install/sample3' for CMake config files
[2.211s] Level 1:colcon.colcon_core.shell:create_environment_hook('sample3', 'cmake_prefix_path')
[2.213s] INFO:colcon.colcon_core.shell:Creating environment hook '/home/yangcb/Desktop/ROS2_Sample/sample3/install/sample3/share/sample3/hook/cmake_prefix_path.ps1'
[2.213s] INFO:colcon.colcon_core.shell:Creating environment descriptor '/home/yangcb/Desktop/ROS2_Sample/sample3/install/sample3/share/sample3/hook/cmake_prefix_path.dsv'
[2.213s] INFO:colcon.colcon_core.shell:Creating environment hook '/home/yangcb/Desktop/ROS2_Sample/sample3/install/sample3/share/sample3/hook/cmake_prefix_path.sh'
[2.214s] Level 1:colcon.colcon_core.environment:checking '/home/yangcb/Desktop/ROS2_Sample/sample3/install/sample3/lib'
[2.214s] Level 1:colcon.colcon_core.environment:checking '/home/yangcb/Desktop/ROS2_Sample/sample3/install/sample3/bin'
[2.214s] Level 1:colcon.colcon_core.environment:checking '/home/yangcb/Desktop/ROS2_Sample/sample3/install/sample3/lib/pkgconfig/sample3.pc'
[2.214s] Level 1:colcon.colcon_core.environment:checking '/home/yangcb/Desktop/ROS2_Sample/sample3/install/sample3/lib/python3.8/site-packages'
[2.215s] Level 1:colcon.colcon_core.environment:checking '/home/yangcb/Desktop/ROS2_Sample/sample3/install/sample3/bin'
[2.216s] INFO:colcon.colcon_core.shell:Creating package script '/home/yangcb/Desktop/ROS2_Sample/sample3/install/sample3/share/sample3/package.ps1'
[2.216s] INFO:colcon.colcon_core.shell:Creating package descriptor '/home/yangcb/Desktop/ROS2_Sample/sample3/install/sample3/share/sample3/package.dsv'
[2.216s] INFO:colcon.colcon_core.shell:Creating package script '/home/yangcb/Desktop/ROS2_Sample/sample3/install/sample3/share/sample3/package.sh'
[2.217s] INFO:colcon.colcon_core.shell:Creating package script '/home/yangcb/Desktop/ROS2_Sample/sample3/install/sample3/share/sample3/package.bash'
[2.217s] INFO:colcon.colcon_core.shell:Creating package script '/home/yangcb/Desktop/ROS2_Sample/sample3/install/sample3/share/sample3/package.zsh'
[2.218s] Level 1:colcon.colcon_core.environment:create_file_with_runtime_dependencies(/home/yangcb/Desktop/ROS2_Sample/sample3/install/sample3/share/colcon-core/packages/sample3)
[2.218s] DEBUG:colcon.colcon_parallel_executor.executor.parallel:closing loop
[2.218s] DEBUG:colcon.colcon_parallel_executor.executor.parallel:loop closed
[2.218s] DEBUG:colcon.colcon_parallel_executor.executor.parallel:run_until_complete finished with '0'
[2.218s] DEBUG:colcon.colcon_core.event_reactor:joining thread
[2.224s] INFO:colcon.colcon_core.plugin_system:Skipping extension 'colcon_notification.desktop_notification.terminal_notifier': Not used on non-Darwin systems
[2.224s] INFO:colcon.colcon_core.plugin_system:Skipping extension 'colcon_notification.desktop_notification.win32': Not used on non-Windows systems
[2.224s] INFO:colcon.colcon_notification.desktop_notification:Sending desktop notification using 'notify2'
[2.237s] DEBUG:colcon.colcon_core.event_reactor:joined thread
[2.238s] INFO:colcon.colcon_core.shell:Creating prefix script '/home/yangcb/Desktop/ROS2_Sample/sample3/install/local_setup.ps1'
[2.239s] INFO:colcon.colcon_core.shell:Creating prefix util module '/home/yangcb/Desktop/ROS2_Sample/sample3/install/_local_setup_util_ps1.py'
[2.240s] INFO:colcon.colcon_core.shell:Creating prefix chain script '/home/yangcb/Desktop/ROS2_Sample/sample3/install/setup.ps1'
[2.242s] INFO:colcon.colcon_core.shell:Creating prefix script '/home/yangcb/Desktop/ROS2_Sample/sample3/install/local_setup.sh'
[2.242s] INFO:colcon.colcon_core.shell:Creating prefix util module '/home/yangcb/Desktop/ROS2_Sample/sample3/install/_local_setup_util_sh.py'
[2.243s] INFO:colcon.colcon_core.shell:Creating prefix chain script '/home/yangcb/Desktop/ROS2_Sample/sample3/install/setup.sh'
[2.244s] INFO:colcon.colcon_core.shell:Creating prefix script '/home/yangcb/Desktop/ROS2_Sample/sample3/install/local_setup.bash'
[2.245s] INFO:colcon.colcon_core.shell:Creating prefix chain script '/home/yangcb/Desktop/ROS2_Sample/sample3/install/setup.bash'
[2.246s] INFO:colcon.colcon_core.shell:Creating prefix script '/home/yangcb/Desktop/ROS2_Sample/sample3/install/local_setup.zsh'
[2.246s] INFO:colcon.colcon_core.shell:Creating prefix chain script '/home/yangcb/Desktop/ROS2_Sample/sample3/install/setup.zsh'
