[0.016s] Invoking command in '/home/yangcb/Desktop/ROS2_Sample/sample4/build/sample4': CMAKE_PREFIX_PATH=/opt/ros/foxy /usr/bin/cmake --build /home/yangcb/Desktop/ROS2_Sample/sample4/build/sample4 -- -j2 -l2
[0.060s] [35m[1mScanning dependencies of target sample4[0m
[0.085s] [ 50%] [32mBuilding CXX object CMakeFiles/sample4.dir/src/sample4.cpp.o[0m
[1.147s] [01m[K/home/yangcb/Desktop/ROS2_Sample/sample4/src/sample4/src/sample4.cpp:[m[K In lambda function:
[1.148s] [01m[K/home/yangcb/Desktop/ROS2_Sample/sample4/src/sample4/src/sample4.cpp:22:23:[m[K [01;31m[Kerror: [m[K‘[01m[Kbuildin_interfaces[m[K’ was not declared in this scope; did you mean ‘[01m[Kbuiltin_interfaces[m[K’?
[1.148s]    22 |      std::make_unique<[01;31m[Kbuildin_interfaces[m[K::Time>(this->get_clock()->now());
[1.148s]       |                       [01;31m[K^~~~~~~~~~~~~~~~~~[m[K
[1.148s]       |                       [32m[Kbuiltin_interfaces[m[K
[1.148s] [01m[K/home/yangcb/Desktop/ROS2_Sample/sample4/src/sample4/src/sample4.cpp:22:11:[m[K [01;31m[Kerror: [m[Kparse error in template argument list
[1.148s]    22 |      std::[01;31m[Kmake_unique<buildin_interfaces::Time>[m[K(this->get_clock()->now());
[1.148s]       |           [01;31m[K^~~~~~~~~~~~~~~~~~~~~~~~~~~~~~~~~~~~~[m[K
[1.148s] [01m[K/home/yangcb/Desktop/ROS2_Sample/sample4/src/sample4/src/sample4.cpp:22:73:[m[K [01;31m[Kerror: [m[Kno matching function for call to ‘[01m[Kmake_unique<<expression error> >(rclcpp::Time)[m[K’
[1.148s]    22 |      std::make_unique<buildin_interfaces::Time>(this->get_clock()->now()[01;31m[K)[m[K;
[1.148s]       |                                                                         [01;31m[K^[m[K
[1.148s] In file included from [01m[K/usr/include/c++/9/memory:80[m[K,
[1.148s]                  from [01m[K/home/yangcb/Desktop/ROS2_Sample/sample4/src/sample4/src/sample4.cpp:2[m[K:
[1.148s] [01m[K/usr/include/c++/9/bits/unique_ptr.h:856:5:[m[K [01;36m[Knote: [m[Kcandidate: ‘[01m[Ktemplate<class _Tp, class ... _Args> typename std::_MakeUniq<_Tp>::__single_object std::make_unique(_Args&& ...)[m[K’
[1.148s]   856 |     [01;36m[Kmake_unique[m[K(_Args&&... __args)
[1.148s]       |     [01;36m[K^~~~~~~~~~~[m[K
[1.149s] [01m[K/usr/include/c++/9/bits/unique_ptr.h:856:5:[m[K [01;36m[Knote: [m[K  template argument deduction/substitution failed:
[1.149s] [01m[K/home/yangcb/Desktop/ROS2_Sample/sample4/src/sample4/src/sample4.cpp:22:73:[m[K [01;31m[Kerror: [m[Ktemplate argument 1 is invalid
[1.149s]    22 |      std::make_unique<buildin_interfaces::Time>(this->get_clock()->now()[01;31m[K)[m[K;
[1.149s]       |                                                                         [01;31m[K^[m[K
[1.149s] In file included from [01m[K/usr/include/c++/9/memory:80[m[K,
[1.149s]                  from [01m[K/home/yangcb/Desktop/ROS2_Sample/sample4/src/sample4/src/sample4.cpp:2[m[K:
[1.149s] [01m[K/usr/include/c++/9/bits/unique_ptr.h:862:5:[m[K [01;36m[Knote: [m[Kcandidate: ‘[01m[Ktemplate<class _Tp> typename std::_MakeUniq<_Tp>::__array std::make_unique(std::size_t)[m[K’
[1.149s]   862 |     [01;36m[Kmake_unique[m[K(size_t __num)
[1.149s]       |     [01;36m[K^~~~~~~~~~~[m[K
[1.149s] [01m[K/usr/include/c++/9/bits/unique_ptr.h:862:5:[m[K [01;36m[Knote: [m[K  template argument deduction/substitution failed:
[1.149s] [01m[K/home/yangcb/Desktop/ROS2_Sample/sample4/src/sample4/src/sample4.cpp:22:73:[m[K [01;31m[Kerror: [m[Ktemplate argument 1 is invalid
[1.149s]    22 |      std::make_unique<buildin_interfaces::Time>(this->get_clock()->now()[01;31m[K)[m[K;
[1.149s]       |                                                                         [01;31m[K^[m[K
[1.149s] In file included from [01m[K/usr/include/c++/9/memory:80[m[K,
[1.149s]                  from [01m[K/home/yangcb/Desktop/ROS2_Sample/sample4/src/sample4/src/sample4.cpp:2[m[K:
[1.149s] [01m[K/usr/include/c++/9/bits/unique_ptr.h:868:5:[m[K [01;36m[Knote: [m[Kcandidate: ‘[01m[Ktemplate<class _Tp, class ... _Args> typename std::_MakeUniq<_Tp>::__invalid_type std::make_unique(_Args&& ...)[m[K’ <deleted>
[1.149s]   868 |     [01;36m[Kmake_unique[m[K(_Args&&...) = delete;
[1.149s]       |     [01;36m[K^~~~~~~~~~~[m[K
[1.150s] [01m[K/usr/include/c++/9/bits/unique_ptr.h:868:5:[m[K [01;36m[Knote: [m[K  template argument deduction/substitution failed:
[1.150s] [01m[K/home/yangcb/Desktop/ROS2_Sample/sample4/src/sample4/src/sample4.cpp:22:73:[m[K [01;31m[Kerror: [m[Ktemplate argument 1 is invalid
[1.150s]    22 |      std::make_unique<buildin_interfaces::Time>(this->get_clock()->now()[01;31m[K)[m[K;
[1.150s]       |                                                                         [01;31m[K^[m[K
[1.150s] In file included from [01m[K/opt/ros/foxy/include/rclcpp/client.hpp:40[m[K,
[1.150s]                  from [01m[K/opt/ros/foxy/include/rclcpp/callback_group.hpp:23[m[K,
[1.150s]                  from [01m[K/opt/ros/foxy/include/rclcpp/any_executable.hpp:20[m[K,
[1.150s]                  from [01m[K/opt/ros/foxy/include/rclcpp/memory_strategy.hpp:24[m[K,
[1.150s]                  from [01m[K/opt/ros/foxy/include/rclcpp/memory_strategies.hpp:18[m[K,
[1.150s]                  from [01m[K/opt/ros/foxy/include/rclcpp/executor_options.hpp:20[m[K,
[1.150s]                  from [01m[K/opt/ros/foxy/include/rclcpp/executor.hpp:33[m[K,
[1.150s]                  from [01m[K/opt/ros/foxy/include/rclcpp/executors/multi_threaded_executor.hpp:26[m[K,
[1.150s]                  from [01m[K/opt/ros/foxy/include/rclcpp/executors.hpp:21[m[K,
[1.150s]                  from [01m[K/opt/ros/foxy/include/rclcpp/rclcpp.hpp:146[m[K,
[1.150s]                  from [01m[K/home/yangcb/Desktop/ROS2_Sample/sample4/src/sample4/src/sample4.cpp:5[m[K:
[1.150s] [01m[K/home/yangcb/Desktop/ROS2_Sample/sample4/src/sample4/src/sample4.cpp:23:77:[m[K [01;31m[Kerror: [m[K‘[01m[Kunitptr_t[m[K’ in namespace ‘[01m[Kstd[m[K’ does not name a type; did you mean ‘[01m[Knullptr_t[m[K’?
[1.150s]    23 |     RCLCPP_INFO(this->get_logger(), "pub:Addr is:" << reinterpret_cast<std::[01;31m[Kunitptr_t[m[K>(timestamp_.get()));
[1.150s]       |                                                                             [01;31m[K^~~~~~~~~[m[K
[1.151s] [01m[K/home/yangcb/Desktop/ROS2_Sample/sample4/src/sample4/src/sample4.cpp:24:35:[m[K [01;31m[Kerror: [m[K‘[01m[Ktimestamp[m[K’ was not declared in this scope; did you mean ‘[01m[Ktimestamp_[m[K’?
[1.151s]    24 |     publisher_->publish(std::move([01;31m[Ktimestamp[m[K));
[1.151s]       |                                   [01;31m[K^~~~~~~~~[m[K
[1.151s]       |                                   [32m[Ktimestamp_[m[K
[1.155s] [01m[K/home/yangcb/Desktop/ROS2_Sample/sample4/src/sample4/src/sample4.cpp:[m[K At global scope:
[1.155s] [01m[K/home/yangcb/Desktop/ROS2_Sample/sample4/src/sample4/src/sample4.cpp:36:25:[m[K [01;31m[Kerror: [m[Kexpected class-name before ‘[01m[Krclcpp[m[K’
[1.155s]    36 | class SubNode : publish [01;31m[Krclcpp[m[K::Node
[1.155s]       |                         [01;31m[K^~~~~~[m[K
[1.155s] [01m[K/home/yangcb/Desktop/ROS2_Sample/sample4/src/sample4/src/sample4.cpp:36:25:[m[K [01;31m[Kerror: [m[Kexpected ‘[01m[K{[m[K’ before ‘[01m[Krclcpp[m[K’
[1.155s] [01m[K/home/yangcb/Desktop/ROS2_Sample/sample4/src/sample4/src/sample4.cpp:38:2:[m[K [01;31m[Kerror: [m[Kexpected primary-expression before ‘[01m[Kpublic[m[K’
[1.155s]    38 |  [01;31m[Kpublic[m[K:
[1.155s]       |  [01;31m[K^~~~~~[m[K
[1.155s] [01m[K/home/yangcb/Desktop/ROS2_Sample/sample4/src/sample4/src/sample4.cpp:38:2:[m[K [01;31m[Kerror: [m[Kexpected ‘[01m[K}[m[K’ before ‘[01m[Kpublic[m[K’
[1.155s] [01m[K/home/yangcb/Desktop/ROS2_Sample/sample4/src/sample4/src/sample4.cpp:37:1:[m[K [01;36m[Knote: [m[Kto match this ‘[01m[K{[m[K’
[1.155s]    37 | [01;36m[K{[m[K
[1.156s]       | [01;36m[K^[m[K
[1.156s] [01m[K/home/yangcb/Desktop/ROS2_Sample/sample4/src/sample4/src/sample4.cpp:48:2:[m[K [01;31m[Kerror: [m[Kexpected unqualified-id before ‘[01m[Kprivate[m[K’
[1.156s]    48 |  [01;31m[Kprivate[m[K:
[1.156s]       |  [01;31m[K^~~~~~~[m[K
[1.156s] In file included from [01m[K/opt/ros/foxy/include/rclcpp/service.hpp:34[m[K,
[1.156s]                  from [01m[K/opt/ros/foxy/include/rclcpp/callback_group.hpp:25[m[K,
[1.156s]                  from [01m[K/opt/ros/foxy/include/rclcpp/any_executable.hpp:20[m[K,
[1.156s]                  from [01m[K/opt/ros/foxy/include/rclcpp/memory_strategy.hpp:24[m[K,
[1.156s]                  from [01m[K/opt/ros/foxy/include/rclcpp/memory_strategies.hpp:18[m[K,
[1.156s]                  from [01m[K/opt/ros/foxy/include/rclcpp/executor_options.hpp:20[m[K,
[1.156s]                  from [01m[K/opt/ros/foxy/include/rclcpp/executor.hpp:33[m[K,
[1.156s]                  from [01m[K/opt/ros/foxy/include/rclcpp/executors/multi_threaded_executor.hpp:26[m[K,
[1.157s]                  from [01m[K/opt/ros/foxy/include/rclcpp/executors.hpp:21[m[K,
[1.157s]                  from [01m[K/opt/ros/foxy/include/rclcpp/rclcpp.hpp:146[m[K,
[1.157s]                  from [01m[K/home/yangcb/Desktop/ROS2_Sample/sample4/src/sample4/src/sample4.cpp:5[m[K:
[1.157s] [01m[K/home/yangcb/Desktop/ROS2_Sample/sample4/src/sample4/src/sample4.cpp:[m[K In function ‘[01m[Kvoid count_sub_callback(builtin_interfaces::msg::Time_<std::allocator<void> >::UniquePtr)[m[K’:
[1.157s] [01m[K/home/yangcb/Desktop/ROS2_Sample/sample4/src/sample4/src/sample4.cpp:52:23:[m[K [01;31m[Kerror: [m[Kinvalid use of ‘[01m[Kthis[m[K’ in non-member function
[1.157s]    52 |    RCLCPP_INFO_STREAM([01;31m[Kthis[m[K->get_logger(), "sub::Addr is: " <<
[1.157s]       |                       [01;31m[K^~~~[m[K
[1.157s] [01m[K/home/yangcb/Desktop/ROS2_Sample/sample4/src/sample4/src/sample4.cpp:52:23:[m[K [01;31m[Kerror: [m[Kinvalid use of ‘[01m[Kthis[m[K’ in non-member function
[1.157s] [01m[K/home/yangcb/Desktop/ROS2_Sample/sample4/src/sample4/src/sample4.cpp:52:4:[m[K [01;31m[Kerror: [m[Ktemplate argument 1 is invalid
[1.157s]    52 |    [01;31m[KRCLCPP_INFO_STREAM[m[K(this->get_logger(), "sub::Addr is: " <<
[1.157s]       |    [01;31m[K^~~~~~~~~~~~~~~~~~[m[K
[1.157s] [01m[K/home/yangcb/Desktop/ROS2_Sample/sample4/src/sample4/src/sample4.cpp:52:4:[m[K [01;31m[Kerror: [m[Ktemplate argument 1 is invalid
[1.157s]    52 |    [01;31m[KRCLCPP_INFO_STREAM[m[K(this->get_logger(), "sub::Addr is: " <<
[1.157s]       |    [01;31m[K^~~~~~~~~~~~~~~~~~[m[K
[1.157s] [01m[K/home/yangcb/Desktop/ROS2_Sample/sample4/src/sample4/src/sample4.cpp:52:4:[m[K [01;31m[Kerror: [m[Ktemplate argument 1 is invalid
[1.157s]    52 |    [01;31m[KRCLCPP_INFO_STREAM[m[K(this->get_logger(), "sub::Addr is: " <<
[1.157s]       |    [01;31m[K^~~~~~~~~~~~~~~~~~[m[K
[1.158s] [01m[K/home/yangcb/Desktop/ROS2_Sample/sample4/src/sample4/src/sample4.cpp:53:28:[m[K [01;31m[Kerror: [m[K‘[01m[Kunitptr_t[m[K’ in namespace ‘[01m[Kstd[m[K’ does not name a type; did you mean ‘[01m[Knullptr_t[m[K’?
[1.158s]    53 |      reinterpret_cast<std::[01;31m[Kunitptr_t[m[K>(msg.get()));
[1.158s]       |                            [01;31m[K^~~~~~~~~[m[K
[1.158s] In file included from [01m[K/opt/ros/foxy/include/rclcpp/client.hpp:40[m[K,
[1.158s]                  from [01m[K/opt/ros/foxy/include/rclcpp/callback_group.hpp:23[m[K,
[1.158s]                  from [01m[K/opt/ros/foxy/include/rclcpp/any_executable.hpp:20[m[K,
[1.158s]                  from [01m[K/opt/ros/foxy/include/rclcpp/memory_strategy.hpp:24[m[K,
[1.158s]                  from [01m[K/opt/ros/foxy/include/rclcpp/memory_strategies.hpp:18[m[K,
[1.158s]                  from [01m[K/opt/ros/foxy/include/rclcpp/executor_options.hpp:20[m[K,
[1.158s]                  from [01m[K/opt/ros/foxy/include/rclcpp/executor.hpp:33[m[K,
[1.158s]                  from [01m[K/opt/ros/foxy/include/rclcpp/executors/multi_threaded_executor.hpp:26[m[K,
[1.158s]                  from [01m[K/opt/ros/foxy/include/rclcpp/executors.hpp:21[m[K,
[1.158s]                  from [01m[K/opt/ros/foxy/include/rclcpp/rclcpp.hpp:146[m[K,
[1.158s]                  from [01m[K/home/yangcb/Desktop/ROS2_Sample/sample4/src/sample4/src/sample4.cpp:5[m[K:
[1.158s] [01m[K/home/yangcb/Desktop/ROS2_Sample/sample4/src/sample4/src/sample4.cpp:52:23:[m[K [01;31m[Kerror: [m[Kinvalid use of ‘[01m[Kthis[m[K’ in non-member function
[1.158s]    52 |    RCLCPP_INFO_STREAM([01;31m[Kthis[m[K->get_logger(), "sub::Addr is: " <<
[1.158s]       |                       [01;31m[K^~~~[m[K
[1.158s] [01m[K/home/yangcb/Desktop/ROS2_Sample/sample4/src/sample4/src/sample4.cpp:52:23:[m[K [01;31m[Kerror: [m[Kinvalid use of ‘[01m[Kthis[m[K’ in non-member function
[1.159s]    52 |    RCLCPP_INFO_STREAM([01;31m[Kthis[m[K->get_logger(), "sub::Addr is: " <<
[1.159s]       |                       [01;31m[K^~~~[m[K
[1.159s] [01m[K/home/yangcb/Desktop/ROS2_Sample/sample4/src/sample4/src/sample4.cpp:[m[K At global scope:
[1.159s] [01m[K/home/yangcb/Desktop/ROS2_Sample/sample4/src/sample4/src/sample4.cpp:55:1:[m[K [01;31m[Kerror: [m[Kexpected declaration before ‘[01m[K}[m[K’ token
[1.159s]    55 | [01;31m[K}[m[K;
[1.159s]       | [01;31m[K^[m[K
[1.159s] [01m[K/home/yangcb/Desktop/ROS2_Sample/sample4/src/sample4/src/sample4.cpp:[m[K In function ‘[01m[Kvoid another_executor()[m[K’:
[1.159s] [01m[K/home/yangcb/Desktop/ROS2_Sample/sample4/src/sample4/src/sample4.cpp:60:24:[m[K [01;31m[Kerror: [m[K‘[01m[Kmake_shared_ptr[m[K’ is not a member of ‘[01m[Kstd[m[K’; did you mean ‘[01m[Kmake_shared[m[K’?
[1.159s]    60 |  auto sub_node_ = std::[01;31m[Kmake_shared_ptr[m[K<SubNode>("topic_sub");
[1.159s]       |                        [01;31m[K^~~~~~~~~~~~~~~[m[K
[1.159s]       |                        [32m[Kmake_shared[m[K
[1.159s] [01m[K/home/yangcb/Desktop/ROS2_Sample/sample4/src/sample4/src/sample4.cpp:60:47:[m[K [01;31m[Kerror: [m[Kexpected primary-expression before ‘[01m[K>[m[K’ token
[1.159s]    60 |  auto sub_node_ = std::make_shared_ptr<SubNode[01;31m[K>[m[K("topic_sub");
[1.159s]       |                                               [01;31m[K^[m[K
[1.159s] [01m[K/home/yangcb/Desktop/ROS2_Sample/sample4/src/sample4/src/sample4.cpp:61:21:[m[K [01;31m[Kerror: [m[K‘[01m[Ksub_node[m[K’ was not declared in this scope
[1.159s]    61 |  executor_.add_node([01;31m[Ksub_node[m[K);
[1.159s]       |                     [01;31m[K^~~~~~~~[m[K
[1.878s] make[2]: *** [CMakeFiles/sample4.dir/build.make:63: CMakeFiles/sample4.dir/src/sample4.cpp.o] Error 1
[1.878s] make[1]: *** [CMakeFiles/Makefile2:105: CMakeFiles/sample4.dir/all] Error 2
[1.878s] make: *** [Makefile:141: all] Error 2
[1.882s] Invoked command in '/home/yangcb/Desktop/ROS2_Sample/sample4/build/sample4' returned '2': CMAKE_PREFIX_PATH=/opt/ros/foxy /usr/bin/cmake --build /home/yangcb/Desktop/ROS2_Sample/sample4/build/sample4 -- -j2 -l2
