[0.397s] DEBUG:colcon:Command line arguments: ['/usr/bin/colcon', 'build']
[0.397s] DEBUG:colcon:Parsed command line arguments: Namespace(allow_overriding=[], ament_cmake_args=None, base_paths=['.'], build_base='build', catkin_cmake_args=None, catkin_skip_building_tests=False, cmake_args=None, cmake_clean_cache=False, cmake_clean_first=False, cmake_force_configure=False, cmake_target=None, cmake_target_skip_unavailable=False, continue_on_error=False, event_handlers=None, executor='parallel', ignore_user_meta=False, install_base='install', log_base=None, log_level=None, main=<bound method BuildVerb.main of <colcon_core.verb.build.BuildVerb object at 0x7ff7330efca0>>, merge_install=False, metas=['./colcon.meta'], packages_above=None, packages_above_and_dependencies=None, packages_above_depth=None, packages_end=None, packages_ignore=None, packages_ignore_regex=None, packages_select=None, packages_select_build_failed=False, packages_select_by_dep=None, packages_select_regex=None, packages_select_test_failures=False, packages_skip=None, packages_skip_build_finished=False, packages_skip_by_dep=None, packages_skip_regex=None, packages_skip_test_passed=False, packages_skip_up_to=None, packages_start=None, packages_up_to=None, packages_up_to_regex=None, parallel_workers=2, paths=None, symlink_install=False, test_result_base=None, verb_extension=<colcon_core.verb.build.BuildVerb object at 0x7ff7330efca0>, verb_name='build', verb_parser=<colcon_defaults.argument_parser.defaults.DefaultArgumentsDecorator object at 0x7ff7330f9250>)
[0.451s] Level 1:colcon.colcon_core.package_discovery:discover_packages(colcon_meta) check parameters
[0.451s] Level 1:colcon.colcon_core.package_discovery:discover_packages(recursive) check parameters
[0.451s] Level 1:colcon.colcon_core.package_discovery:discover_packages(ignore) check parameters
[0.452s] Level 1:colcon.colcon_core.package_discovery:discover_packages(path) check parameters
[0.452s] Level 1:colcon.colcon_core.package_discovery:discover_packages(colcon_meta) discover
[0.452s] Level 1:colcon.colcon_core.package_discovery:discover_packages(recursive) discover
[0.452s] INFO:colcon.colcon_core.package_discovery:Crawling recursively for packages in '/home/yangcb/Desktop/ROS2_Sample/sample3'
[0.452s] Level 1:colcon.colcon_core.package_identification:_identify(.) by extensions ['ignore', 'ignore_ament_install']
[0.452s] Level 1:colcon.colcon_core.package_identification:_identify(.) by extension 'ignore'
[0.452s] Level 1:colcon.colcon_core.package_identification:_identify(.) by extension 'ignore_ament_install'
[0.452s] Level 1:colcon.colcon_core.package_identification:_identify(.) by extensions ['colcon_pkg']
[0.452s] Level 1:colcon.colcon_core.package_identification:_identify(.) by extension 'colcon_pkg'
[0.452s] Level 1:colcon.colcon_core.package_identification:_identify(.) by extensions ['colcon_meta']
[0.452s] Level 1:colcon.colcon_core.package_identification:_identify(.) by extension 'colcon_meta'
[0.452s] Level 1:colcon.colcon_core.package_identification:_identify(.) by extensions ['ros']
[0.452s] Level 1:colcon.colcon_core.package_identification:_identify(.) by extension 'ros'
[0.468s] Level 1:colcon.colcon_core.package_identification:_identify(.) by extensions ['cmake', 'python']
[0.468s] Level 1:colcon.colcon_core.package_identification:_identify(.) by extension 'cmake'
[0.469s] Level 1:colcon.colcon_core.package_identification:_identify(.) by extension 'python'
[0.469s] Level 1:colcon.colcon_core.package_identification:_identify(.) by extensions ['python_setup_py']
[0.469s] Level 1:colcon.colcon_core.package_identification:_identify(.) by extension 'python_setup_py'
[0.469s] Level 1:colcon.colcon_core.package_identification:_identify(build) by extensions ['ignore', 'ignore_ament_install']
[0.469s] Level 1:colcon.colcon_core.package_identification:_identify(build) by extension 'ignore'
[0.469s] Level 1:colcon.colcon_core.package_identification:_identify(build) ignored
[0.469s] Level 1:colcon.colcon_core.package_identification:_identify(install) by extensions ['ignore', 'ignore_ament_install']
[0.469s] Level 1:colcon.colcon_core.package_identification:_identify(install) by extension 'ignore'
[0.469s] Level 1:colcon.colcon_core.package_identification:_identify(install) ignored
[0.469s] Level 1:colcon.colcon_core.package_identification:_identify(log) by extensions ['ignore', 'ignore_ament_install']
[0.469s] Level 1:colcon.colcon_core.package_identification:_identify(log) by extension 'ignore'
[0.469s] Level 1:colcon.colcon_core.package_identification:_identify(log) ignored
[0.469s] Level 1:colcon.colcon_core.package_identification:_identify(src) by extensions ['ignore', 'ignore_ament_install']
[0.469s] Level 1:colcon.colcon_core.package_identification:_identify(src) by extension 'ignore'
[0.469s] Level 1:colcon.colcon_core.package_identification:_identify(src) by extension 'ignore_ament_install'
[0.469s] Level 1:colcon.colcon_core.package_identification:_identify(src) by extensions ['colcon_pkg']
[0.469s] Level 1:colcon.colcon_core.package_identification:_identify(src) by extension 'colcon_pkg'
[0.470s] Level 1:colcon.colcon_core.package_identification:_identify(src) by extensions ['colcon_meta']
[0.470s] Level 1:colcon.colcon_core.package_identification:_identify(src) by extension 'colcon_meta'
[0.470s] Level 1:colcon.colcon_core.package_identification:_identify(src) by extensions ['ros']
[0.470s] Level 1:colcon.colcon_core.package_identification:_identify(src) by extension 'ros'
[0.470s] Level 1:colcon.colcon_core.package_identification:_identify(src) by extensions ['cmake', 'python']
[0.470s] Level 1:colcon.colcon_core.package_identification:_identify(src) by extension 'cmake'
[0.470s] Level 1:colcon.colcon_core.package_identification:_identify(src) by extension 'python'
[0.470s] Level 1:colcon.colcon_core.package_identification:_identify(src) by extensions ['python_setup_py']
[0.470s] Level 1:colcon.colcon_core.package_identification:_identify(src) by extension 'python_setup_py'
[0.470s] Level 1:colcon.colcon_core.package_identification:_identify(src/sample3) by extensions ['ignore', 'ignore_ament_install']
[0.470s] Level 1:colcon.colcon_core.package_identification:_identify(src/sample3) by extension 'ignore'
[0.470s] Level 1:colcon.colcon_core.package_identification:_identify(src/sample3) by extension 'ignore_ament_install'
[0.470s] Level 1:colcon.colcon_core.package_identification:_identify(src/sample3) by extensions ['colcon_pkg']
[0.470s] Level 1:colcon.colcon_core.package_identification:_identify(src/sample3) by extension 'colcon_pkg'
[0.470s] Level 1:colcon.colcon_core.package_identification:_identify(src/sample3) by extensions ['colcon_meta']
[0.470s] Level 1:colcon.colcon_core.package_identification:_identify(src/sample3) by extension 'colcon_meta'
[0.470s] Level 1:colcon.colcon_core.package_identification:_identify(src/sample3) by extensions ['ros']
[0.470s] Level 1:colcon.colcon_core.package_identification:_identify(src/sample3) by extension 'ros'
[0.474s] DEBUG:colcon.colcon_core.package_identification:Package 'src/sample3' with type 'ros.ament_cmake' and name 'sample3'
[0.474s] Level 1:colcon.colcon_core.package_discovery:discover_packages(recursive) using defaults
[0.474s] Level 1:colcon.colcon_core.package_discovery:discover_packages(ignore) discover
[0.474s] Level 1:colcon.colcon_core.package_discovery:discover_packages(ignore) using defaults
[0.474s] Level 1:colcon.colcon_core.package_discovery:discover_packages(path) discover
[0.474s] Level 1:colcon.colcon_core.package_discovery:discover_packages(path) using defaults
[0.505s] Level 1:colcon.colcon_core.package_discovery:discover_packages(prefix_path) check parameters
[0.505s] Level 1:colcon.colcon_core.package_discovery:discover_packages(prefix_path) discover
[0.512s] DEBUG:colcon.colcon_installed_package_information.package_discovery:Found 263 installed packages in /opt/ros/foxy
[0.513s] Level 1:colcon.colcon_core.package_discovery:discover_packages(prefix_path) using defaults
[0.602s] Level 5:colcon.colcon_core.verb:set package 'sample3' build argument 'cmake_args' from command line to 'None'
[0.602s] Level 5:colcon.colcon_core.verb:set package 'sample3' build argument 'cmake_target' from command line to 'None'
[0.602s] Level 5:colcon.colcon_core.verb:set package 'sample3' build argument 'cmake_target_skip_unavailable' from command line to 'False'
[0.602s] Level 5:colcon.colcon_core.verb:set package 'sample3' build argument 'cmake_clean_cache' from command line to 'False'
[0.602s] Level 5:colcon.colcon_core.verb:set package 'sample3' build argument 'cmake_clean_first' from command line to 'False'
[0.602s] Level 5:colcon.colcon_core.verb:set package 'sample3' build argument 'cmake_force_configure' from command line to 'False'
[0.602s] Level 5:colcon.colcon_core.verb:set package 'sample3' build argument 'ament_cmake_args' from command line to 'None'
[0.602s] Level 5:colcon.colcon_core.verb:set package 'sample3' build argument 'catkin_cmake_args' from command line to 'None'
[0.602s] Level 5:colcon.colcon_core.verb:set package 'sample3' build argument 'catkin_skip_building_tests' from command line to 'False'
[0.602s] DEBUG:colcon.colcon_core.verb:Building package 'sample3' with the following arguments: {'ament_cmake_args': None, 'build_base': '/home/yangcb/Desktop/ROS2_Sample/sample3/build/sample3', 'catkin_cmake_args': None, 'catkin_skip_building_tests': False, 'cmake_args': None, 'cmake_clean_cache': False, 'cmake_clean_first': False, 'cmake_force_configure': False, 'cmake_target': None, 'cmake_target_skip_unavailable': False, 'install_base': '/home/yangcb/Desktop/ROS2_Sample/sample3/install/sample3', 'merge_install': False, 'path': '/home/yangcb/Desktop/ROS2_Sample/sample3/src/sample3', 'symlink_install': False, 'test_result_base': None}
[0.603s] INFO:colcon.colcon_core.executor:Executing jobs using 'parallel' executor
[0.605s] DEBUG:colcon.colcon_parallel_executor.executor.parallel:run_until_complete
[0.606s] INFO:colcon.colcon_ros.task.ament_cmake.build:Building ROS package in '/home/yangcb/Desktop/ROS2_Sample/sample3/src/sample3' with build type 'ament_cmake'
[0.606s] INFO:colcon.colcon_cmake.task.cmake.build:Building CMake package in '/home/yangcb/Desktop/ROS2_Sample/sample3/src/sample3'
[0.617s] INFO:colcon.colcon_core.plugin_system:Skipping extension 'colcon_core.shell.bat': Not used on non-Windows systems
[0.618s] INFO:colcon.colcon_core.shell:Skip shell extension 'powershell' for command environment: Not usable outside of PowerShell
[0.618s] DEBUG:colcon.colcon_core.shell:Skip shell extension 'dsv' for command environment
[0.629s] DEBUG:colcon.colcon_core.event_handler.log_command:Invoking command in '/home/yangcb/Desktop/ROS2_Sample/sample3/build/sample3': CMAKE_PREFIX_PATH=/opt/ros/foxy /usr/bin/cmake /home/yangcb/Desktop/ROS2_Sample/sample3/src/sample3 -DCMAKE_INSTALL_PREFIX=/home/yangcb/Desktop/ROS2_Sample/sample3/install/sample3
[2.943s] DEBUG:colcon.colcon_core.event_handler.log_command:Invoked command in '/home/yangcb/Desktop/ROS2_Sample/sample3/build/sample3' returned '0': CMAKE_PREFIX_PATH=/opt/ros/foxy /usr/bin/cmake /home/yangcb/Desktop/ROS2_Sample/sample3/src/sample3 -DCMAKE_INSTALL_PREFIX=/home/yangcb/Desktop/ROS2_Sample/sample3/install/sample3
[2.946s] DEBUG:colcon.colcon_core.event_handler.log_command:Invoking command in '/home/yangcb/Desktop/ROS2_Sample/sample3/build/sample3': CMAKE_PREFIX_PATH=/opt/ros/foxy /usr/bin/cmake --build /home/yangcb/Desktop/ROS2_Sample/sample3/build/sample3 -- -j2 -l2
[3.193s] DEBUG:colcon.colcon_core.event_handler.log_command:Invoked command in '/home/yangcb/Desktop/ROS2_Sample/sample3/build/sample3' returned '0': CMAKE_PREFIX_PATH=/opt/ros/foxy /usr/bin/cmake --build /home/yangcb/Desktop/ROS2_Sample/sample3/build/sample3 -- -j2 -l2
[3.230s] DEBUG:colcon.colcon_core.event_handler.log_command:Invoking command in '/home/yangcb/Desktop/ROS2_Sample/sample3/build/sample3': CMAKE_PREFIX_PATH=/opt/ros/foxy /usr/bin/cmake --install /home/yangcb/Desktop/ROS2_Sample/sample3/build/sample3
[3.246s] Level 1:colcon.colcon_core.environment:create_environment_scripts_only(sample3)
[3.247s] DEBUG:colcon.colcon_core.event_handler.log_command:Invoked command in '/home/yangcb/Desktop/ROS2_Sample/sample3/build/sample3' returned '0': CMAKE_PREFIX_PATH=/opt/ros/foxy /usr/bin/cmake --install /home/yangcb/Desktop/ROS2_Sample/sample3/build/sample3
[3.265s] Level 1:colcon.colcon_core.environment:checking '/home/yangcb/Desktop/ROS2_Sample/sample3/install/sample3' for CMake module files
[3.265s] Level 1:colcon.colcon_core.environment:checking '/home/yangcb/Desktop/ROS2_Sample/sample3/install/sample3' for CMake config files
[3.265s] Level 1:colcon.colcon_core.shell:create_environment_hook('sample3', 'cmake_prefix_path')
[3.266s] INFO:colcon.colcon_core.shell:Creating environment hook '/home/yangcb/Desktop/ROS2_Sample/sample3/install/sample3/share/sample3/hook/cmake_prefix_path.ps1'
[3.268s] INFO:colcon.colcon_core.shell:Creating environment descriptor '/home/yangcb/Desktop/ROS2_Sample/sample3/install/sample3/share/sample3/hook/cmake_prefix_path.dsv'
[3.269s] INFO:colcon.colcon_core.shell:Creating environment hook '/home/yangcb/Desktop/ROS2_Sample/sample3/install/sample3/share/sample3/hook/cmake_prefix_path.sh'
[3.270s] Level 1:colcon.colcon_core.environment:checking '/home/yangcb/Desktop/ROS2_Sample/sample3/install/sample3/lib'
[3.270s] Level 1:colcon.colcon_core.environment:checking '/home/yangcb/Desktop/ROS2_Sample/sample3/install/sample3/bin'
[3.270s] Level 1:colcon.colcon_core.environment:checking '/home/yangcb/Desktop/ROS2_Sample/sample3/install/sample3/lib/pkgconfig/sample3.pc'
[3.270s] Level 1:colcon.colcon_core.environment:checking '/home/yangcb/Desktop/ROS2_Sample/sample3/install/sample3/lib/python3.8/site-packages'
[3.270s] Level 1:colcon.colcon_core.environment:checking '/home/yangcb/Desktop/ROS2_Sample/sample3/install/sample3/bin'
[3.271s] INFO:colcon.colcon_core.shell:Creating package script '/home/yangcb/Desktop/ROS2_Sample/sample3/install/sample3/share/sample3/package.ps1'
[3.273s] INFO:colcon.colcon_core.shell:Creating package descriptor '/home/yangcb/Desktop/ROS2_Sample/sample3/install/sample3/share/sample3/package.dsv'
[3.274s] INFO:colcon.colcon_core.shell:Creating package script '/home/yangcb/Desktop/ROS2_Sample/sample3/install/sample3/share/sample3/package.sh'
[3.275s] INFO:colcon.colcon_core.shell:Creating package script '/home/yangcb/Desktop/ROS2_Sample/sample3/install/sample3/share/sample3/package.bash'
[3.276s] INFO:colcon.colcon_core.shell:Creating package script '/home/yangcb/Desktop/ROS2_Sample/sample3/install/sample3/share/sample3/package.zsh'
[3.278s] Level 1:colcon.colcon_core.environment:create_file_with_runtime_dependencies(/home/yangcb/Desktop/ROS2_Sample/sample3/install/sample3/share/colcon-core/packages/sample3)
[3.303s] Level 1:colcon.colcon_core.environment:create_environment_scripts_only(sample3)
[3.305s] Level 1:colcon.colcon_core.environment:checking '/home/yangcb/Desktop/ROS2_Sample/sample3/install/sample3' for CMake module files
[3.306s] Level 1:colcon.colcon_core.environment:checking '/home/yangcb/Desktop/ROS2_Sample/sample3/install/sample3' for CMake config files
[3.306s] Level 1:colcon.colcon_core.shell:create_environment_hook('sample3', 'cmake_prefix_path')
[3.307s] INFO:colcon.colcon_core.shell:Creating environment hook '/home/yangcb/Desktop/ROS2_Sample/sample3/install/sample3/share/sample3/hook/cmake_prefix_path.ps1'
[3.308s] INFO:colcon.colcon_core.shell:Creating environment descriptor '/home/yangcb/Desktop/ROS2_Sample/sample3/install/sample3/share/sample3/hook/cmake_prefix_path.dsv'
[3.308s] INFO:colcon.colcon_core.shell:Creating environment hook '/home/yangcb/Desktop/ROS2_Sample/sample3/install/sample3/share/sample3/hook/cmake_prefix_path.sh'
[3.309s] Level 1:colcon.colcon_core.environment:checking '/home/yangcb/Desktop/ROS2_Sample/sample3/install/sample3/lib'
[3.309s] Level 1:colcon.colcon_core.environment:checking '/home/yangcb/Desktop/ROS2_Sample/sample3/install/sample3/bin'
[3.309s] Level 1:colcon.colcon_core.environment:checking '/home/yangcb/Desktop/ROS2_Sample/sample3/install/sample3/lib/pkgconfig/sample3.pc'
[3.309s] Level 1:colcon.colcon_core.environment:checking '/home/yangcb/Desktop/ROS2_Sample/sample3/install/sample3/lib/python3.8/site-packages'
[3.309s] Level 1:colcon.colcon_core.environment:checking '/home/yangcb/Desktop/ROS2_Sample/sample3/install/sample3/bin'
[3.311s] INFO:colcon.colcon_core.shell:Creating package script '/home/yangcb/Desktop/ROS2_Sample/sample3/install/sample3/share/sample3/package.ps1'
[3.311s] INFO:colcon.colcon_core.shell:Creating package descriptor '/home/yangcb/Desktop/ROS2_Sample/sample3/install/sample3/share/sample3/package.dsv'
[3.311s] INFO:colcon.colcon_core.shell:Creating package script '/home/yangcb/Desktop/ROS2_Sample/sample3/install/sample3/share/sample3/package.sh'
[3.312s] INFO:colcon.colcon_core.shell:Creating package script '/home/yangcb/Desktop/ROS2_Sample/sample3/install/sample3/share/sample3/package.bash'
[3.312s] INFO:colcon.colcon_core.shell:Creating package script '/home/yangcb/Desktop/ROS2_Sample/sample3/install/sample3/share/sample3/package.zsh'
[3.313s] Level 1:colcon.colcon_core.environment:create_file_with_runtime_dependencies(/home/yangcb/Desktop/ROS2_Sample/sample3/install/sample3/share/colcon-core/packages/sample3)
[3.313s] DEBUG:colcon.colcon_parallel_executor.executor.parallel:closing loop
[3.313s] DEBUG:colcon.colcon_parallel_executor.executor.parallel:loop closed
[3.314s] DEBUG:colcon.colcon_parallel_executor.executor.parallel:run_until_complete finished with '0'
[3.314s] DEBUG:colcon.colcon_core.event_reactor:joining thread
[3.323s] INFO:colcon.colcon_core.plugin_system:Skipping extension 'colcon_notification.desktop_notification.terminal_notifier': Not used on non-Darwin systems
[3.323s] INFO:colcon.colcon_core.plugin_system:Skipping extension 'colcon_notification.desktop_notification.win32': Not used on non-Windows systems
[3.323s] INFO:colcon.colcon_notification.desktop_notification:Sending desktop notification using 'notify2'
[3.346s] DEBUG:colcon.colcon_core.event_reactor:joined thread
[3.347s] INFO:colcon.colcon_core.shell:Creating prefix script '/home/yangcb/Desktop/ROS2_Sample/sample3/install/local_setup.ps1'
[3.349s] INFO:colcon.colcon_core.shell:Creating prefix util module '/home/yangcb/Desktop/ROS2_Sample/sample3/install/_local_setup_util_ps1.py'
[3.350s] INFO:colcon.colcon_core.shell:Creating prefix chain script '/home/yangcb/Desktop/ROS2_Sample/sample3/install/setup.ps1'
[3.353s] INFO:colcon.colcon_core.shell:Creating prefix script '/home/yangcb/Desktop/ROS2_Sample/sample3/install/local_setup.sh'
[3.355s] INFO:colcon.colcon_core.shell:Creating prefix util module '/home/yangcb/Desktop/ROS2_Sample/sample3/install/_local_setup_util_sh.py'
[3.355s] INFO:colcon.colcon_core.shell:Creating prefix chain script '/home/yangcb/Desktop/ROS2_Sample/sample3/install/setup.sh'
[3.357s] INFO:colcon.colcon_core.shell:Creating prefix script '/home/yangcb/Desktop/ROS2_Sample/sample3/install/local_setup.bash'
[3.357s] INFO:colcon.colcon_core.shell:Creating prefix chain script '/home/yangcb/Desktop/ROS2_Sample/sample3/install/setup.bash'
[3.359s] INFO:colcon.colcon_core.shell:Creating prefix script '/home/yangcb/Desktop/ROS2_Sample/sample3/install/local_setup.zsh'
[3.359s] INFO:colcon.colcon_core.shell:Creating prefix chain script '/home/yangcb/Desktop/ROS2_Sample/sample3/install/setup.zsh'
