[0.022s] Invoking command in '/home/yangcb/Desktop/ROS2_Sample/sample3/build/sample3': CMAKE_PREFIX_PATH=/opt/ros/foxy /usr/bin/cmake /home/yangcb/Desktop/ROS2_Sample/sample3/src/sample3 -DCMAKE_INSTALL_PREFIX=/home/yangcb/Desktop/ROS2_Sample/sample3/install/sample3
[0.343s] -- The C compiler identification is GNU 9.4.0
[0.645s] -- The CXX compiler identification is GNU 9.4.0
[0.662s] -- Check for working C compiler: /usr/bin/cc
[0.733s] -- Check for working C compiler: /usr/bin/cc -- works
[0.736s] -- Detecting C compiler ABI info
[0.809s] -- Detecting C compiler ABI info - done
[0.819s] -- Detecting C compile features
[0.820s] -- Detecting C compile features - done
[0.824s] -- Check for working CXX compiler: /usr/bin/c++
[0.918s] -- Check for working CXX compiler: /usr/bin/c++ -- works
[0.918s] -- Detecting CXX compiler ABI info
[0.999s] -- Detecting CXX compiler ABI info - done
[1.008s] -- Detecting CXX compile features
[1.009s] -- Detecting CXX compile features - done
[1.019s] -- Found ament_cmake: 0.9.11 (/opt/ros/foxy/share/ament_cmake/cmake)
[1.046s] -- Found PythonInterp: /usr/bin/python3 (found suitable version "3.8.10", minimum required is "3") 
[1.047s] -- Using PYTHON_EXECUTABLE: /usr/bin/python3
[1.294s] -- Found rclcpp: 2.4.2 (/opt/ros/foxy/share/rclcpp/cmake)
[1.369s] -- Using all available rosidl_typesupport_c: rosidl_typesupport_fastrtps_c;rosidl_typesupport_introspection_c
[1.382s] -- Found rosidl_adapter: 1.3.0 (/opt/ros/foxy/share/rosidl_adapter/cmake)
[1.487s] -- Found OpenSSL: /usr/lib/x86_64-linux-gnu/libcrypto.so (found version "1.1.1f")  
[1.514s] -- Found FastRTPS: /opt/ros/foxy/include  
[1.614s] -- Using all available rosidl_typesupport_cpp: rosidl_typesupport_fastrtps_cpp;rosidl_typesupport_introspection_cpp
[1.706s] -- Found rmw_implementation_cmake: 1.0.4 (/opt/ros/foxy/share/rmw_implementation_cmake/cmake)
[1.710s] -- Using RMW implementation 'rmw_fastrtps_cpp' as default
[1.713s] -- Looking for pthread.h
[1.839s] -- Looking for pthread.h - found
[1.839s] -- Performing Test CMAKE_HAVE_LIBC_PTHREAD
[1.911s] -- Performing Test CMAKE_HAVE_LIBC_PTHREAD - Failed
[1.911s] -- Looking for pthread_create in pthreads
[1.969s] -- Looking for pthread_create in pthreads - not found
[1.969s] -- Looking for pthread_create in pthread
[2.035s] -- Looking for pthread_create in pthread - found
[2.035s] -- Found Threads: TRUE  
[2.217s] -- Found ament_lint_auto: 0.9.8 (/opt/ros/foxy/share/ament_lint_auto/cmake)
[2.304s] -- Added test 'copyright' to check source files copyright and LICENSE
[2.306s] -- Added test 'cppcheck' to perform static code analysis on C / C++ code
[2.306s] -- Configured cppcheck include dirs: $<BUILD_INTERFACE:/home/yangcb/Desktop/ROS2_Sample/sample3/src/sample3/include>
[2.307s] -- Configured cppcheck exclude dirs and/or files: 
[2.308s] -- Added test 'cpplint' to check C / C++ code against the Google style
[2.309s] -- Configured cpplint exclude dirs and/or files: 
[2.310s] -- Added test 'lint_cmake' to check CMake code style
[2.312s] -- Added test 'uncrustify' to check C / C++ code style
[2.313s] -- Configured uncrustify additional arguments: 
[2.314s] -- Added test 'xmllint' to check XML markup files
[2.320s] -- Configuring done
[2.328s] -- Generating done
[2.330s] -- Build files have been written to: /home/yangcb/Desktop/ROS2_Sample/sample3/build/sample3
[2.336s] Invoked command in '/home/yangcb/Desktop/ROS2_Sample/sample3/build/sample3' returned '0': CMAKE_PREFIX_PATH=/opt/ros/foxy /usr/bin/cmake /home/yangcb/Desktop/ROS2_Sample/sample3/src/sample3 -DCMAKE_INSTALL_PREFIX=/home/yangcb/Desktop/ROS2_Sample/sample3/install/sample3
[2.340s] Invoking command in '/home/yangcb/Desktop/ROS2_Sample/sample3/build/sample3': CMAKE_PREFIX_PATH=/opt/ros/foxy /usr/bin/cmake --build /home/yangcb/Desktop/ROS2_Sample/sample3/build/sample3 -- -j2 -l2
[2.379s] [35m[1mScanning dependencies of target sample3[0m
[2.390s] [ 50%] [32mBuilding CXX object CMakeFiles/sample3.dir/src/sample3.cpp.o[0m
[2.438s] [100%] [32m[1mLinking CXX executable sample3[0m
[2.574s] [100%] Built target sample3
[2.587s] Invoked command in '/home/yangcb/Desktop/ROS2_Sample/sample3/build/sample3' returned '0': CMAKE_PREFIX_PATH=/opt/ros/foxy /usr/bin/cmake --build /home/yangcb/Desktop/ROS2_Sample/sample3/build/sample3 -- -j2 -l2
[2.623s] Invoking command in '/home/yangcb/Desktop/ROS2_Sample/sample3/build/sample3': CMAKE_PREFIX_PATH=/opt/ros/foxy /usr/bin/cmake --install /home/yangcb/Desktop/ROS2_Sample/sample3/build/sample3
[2.632s] -- Install configuration: ""
[2.632s] -- Installing: /home/yangcb/Desktop/ROS2_Sample/sample3/install/sample3/lib/sample3/sample3
[2.633s] -- Set runtime path of "/home/yangcb/Desktop/ROS2_Sample/sample3/install/sample3/lib/sample3/sample3" to ""
[2.633s] -- Installing: /home/yangcb/Desktop/ROS2_Sample/sample3/install/sample3/share/ament_index/resource_index/package_run_dependencies/sample3
[2.634s] -- Installing: /home/yangcb/Desktop/ROS2_Sample/sample3/install/sample3/share/ament_index/resource_index/parent_prefix_path/sample3
[2.634s] -- Installing: /home/yangcb/Desktop/ROS2_Sample/sample3/install/sample3/share/sample3/environment/ament_prefix_path.sh
[2.634s] -- Installing: /home/yangcb/Desktop/ROS2_Sample/sample3/install/sample3/share/sample3/environment/ament_prefix_path.dsv
[2.635s] -- Installing: /home/yangcb/Desktop/ROS2_Sample/sample3/install/sample3/share/sample3/environment/path.sh
[2.635s] -- Installing: /home/yangcb/Desktop/ROS2_Sample/sample3/install/sample3/share/sample3/environment/path.dsv
[2.635s] -- Installing: /home/yangcb/Desktop/ROS2_Sample/sample3/install/sample3/share/sample3/local_setup.bash
[2.636s] -- Installing: /home/yangcb/Desktop/ROS2_Sample/sample3/install/sample3/share/sample3/local_setup.sh
[2.636s] -- Installing: /home/yangcb/Desktop/ROS2_Sample/sample3/install/sample3/share/sample3/local_setup.zsh
[2.636s] -- Installing: /home/yangcb/Desktop/ROS2_Sample/sample3/install/sample3/share/sample3/local_setup.dsv
[2.637s] -- Installing: /home/yangcb/Desktop/ROS2_Sample/sample3/install/sample3/share/sample3/package.dsv
[2.637s] -- Installing: /home/yangcb/Desktop/ROS2_Sample/sample3/install/sample3/share/ament_index/resource_index/packages/sample3
[2.638s] -- Installing: /home/yangcb/Desktop/ROS2_Sample/sample3/install/sample3/share/sample3/cmake/sample3Config.cmake
[2.638s] -- Installing: /home/yangcb/Desktop/ROS2_Sample/sample3/install/sample3/share/sample3/cmake/sample3Config-version.cmake
[2.638s] -- Installing: /home/yangcb/Desktop/ROS2_Sample/sample3/install/sample3/share/sample3/package.xml
[2.641s] Invoked command in '/home/yangcb/Desktop/ROS2_Sample/sample3/build/sample3' returned '0': CMAKE_PREFIX_PATH=/opt/ros/foxy /usr/bin/cmake --install /home/yangcb/Desktop/ROS2_Sample/sample3/build/sample3
