[35m[1mScanning dependencies of target sample3[0m
[ 33%] [32mBuilding CXX object CMakeFiles/sample3.dir/src/thread_sample.cpp.o[0m
[ 66%] [32m[1mLinking CXX executable sample3[0m
[100%] Built target sample3
-- Install configuration: ""
-- Installing: /home/yangcb/Desktop/ROS2_Sample/sample3/install/sample3/lib/sample3/sample3
-- Set runtime path of "/home/yangcb/Desktop/ROS2_Sample/sample3/install/sample3/lib/sample3/sample3" to ""
-- Up-to-date: /home/yangcb/Desktop/ROS2_Sample/sample3/install/sample3/share/ament_index/resource_index/package_run_dependencies/sample3
-- Installing: /home/yangcb/Desktop/ROS2_Sample/sample3/install/sample3/share/ament_index/resource_index/parent_prefix_path/sample3
-- Up-to-date: /home/yangcb/Desktop/ROS2_Sample/sample3/install/sample3/share/sample3/environment/ament_prefix_path.sh
-- Installing: /home/yangcb/Desktop/ROS2_Sample/sample3/install/sample3/share/sample3/environment/ament_prefix_path.dsv
-- Up-to-date: /home/yangcb/Desktop/ROS2_Sample/sample3/install/sample3/share/sample3/environment/path.sh
-- Installing: /home/yangcb/Desktop/ROS2_Sample/sample3/install/sample3/share/sample3/environment/path.dsv
-- Up-to-date: /home/yangcb/Desktop/ROS2_Sample/sample3/install/sample3/share/sample3/local_setup.bash
-- Up-to-date: /home/yangcb/Desktop/ROS2_Sample/sample3/install/sample3/share/sample3/local_setup.sh
-- Up-to-date: /home/yangcb/Desktop/ROS2_Sample/sample3/install/sample3/share/sample3/local_setup.zsh
-- Installing: /home/yangcb/Desktop/ROS2_Sample/sample3/install/sample3/share/sample3/local_setup.dsv
-- Installing: /home/yangcb/Desktop/ROS2_Sample/sample3/install/sample3/share/sample3/package.dsv
-- Up-to-date: /home/yangcb/Desktop/ROS2_Sample/sample3/install/sample3/share/ament_index/resource_index/packages/sample3
-- Up-to-date: /home/yangcb/Desktop/ROS2_Sample/sample3/install/sample3/share/sample3/cmake/sample3Config.cmake
-- Up-to-date: /home/yangcb/Desktop/ROS2_Sample/sample3/install/sample3/share/sample3/cmake/sample3Config-version.cmake
-- Up-to-date: /home/yangcb/Desktop/ROS2_Sample/sample3/install/sample3/share/sample3/package.xml
